{"F:\\github\\music-test\\src\\music.js":{"path":"F:\\github\\music-test\\src\\music.js","s":{"1":1,"2":1,"3":1,"4":1,"5":11,"6":11,"7":11,"8":3,"9":3,"10":2,"11":2,"12":1,"13":1,"14":3,"15":3,"16":1,"17":2,"18":11,"19":3,"20":3,"21":9,"22":11,"23":2,"24":2,"25":2,"26":6,"27":11,"28":4,"29":4,"30":4,"31":4,"32":4,"33":11,"34":1},"b":{"1":[1,1],"2":[1,2]},"f":{"1":11,"2":3,"3":2,"4":3,"5":3,"6":9,"7":2,"8":6,"9":4,"10":4,"11":4},"fnMap":{"1":{"name":"(anonymous_1)","line":9,"loc":{"start":{"line":9,"column":18},"end":{"line":9,"column":30}}},"2":{"name":"(anonymous_2)","line":13,"loc":{"start":{"line":13,"column":18},"end":{"line":13,"column":47}}},"3":{"name":"(anonymous_3)","line":15,"loc":{"start":{"line":15,"column":20},"end":{"line":15,"column":36}}},"4":{"name":"(anonymous_4)","line":24,"loc":{"start":{"line":24,"column":26},"end":{"line":24,"column":47}}},"5":{"name":"(anonymous_5)","line":32,"loc":{"start":{"line":32,"column":20},"end":{"line":32,"column":36}}},"6":{"name":"(anonymous_6)","line":35,"loc":{"start":{"line":35,"column":28},"end":{"line":35,"column":41}}},"7":{"name":"(anonymous_7)","line":39,"loc":{"start":{"line":39,"column":22},"end":{"line":39,"column":43}}},"8":{"name":"(anonymous_8)","line":42,"loc":{"start":{"line":42,"column":22},"end":{"line":42,"column":35}}},"9":{"name":"(anonymous_9)","line":46,"loc":{"start":{"line":46,"column":18},"end":{"line":46,"column":59}}},"10":{"name":"(anonymous_10)","line":55,"loc":{"start":{"line":55,"column":12},"end":{"line":55,"column":32}}},"11":{"name":"(anonymous_11)","line":57,"loc":{"start":{"line":57,"column":13},"end":{"line":57,"column":30}}}},"statementMap":{"1":{"start":{"line":4,"column":0},"end":{"line":4,"column":40}},"2":{"start":{"line":5,"column":0},"end":{"line":5,"column":22}},"3":{"start":{"line":6,"column":0},"end":{"line":6,"column":28}},"4":{"start":{"line":9,"column":0},"end":{"line":62,"column":1}},"5":{"start":{"line":10,"column":2},"end":{"line":10,"column":26}},"6":{"start":{"line":11,"column":2},"end":{"line":11,"column":21}},"7":{"start":{"line":13,"column":2},"end":{"line":31,"column":3}},"8":{"start":{"line":14,"column":4},"end":{"line":14,"column":19}},"9":{"start":{"line":15,"column":4},"end":{"line":22,"column":5}},"10":{"start":{"line":16,"column":6},"end":{"line":16,"column":43}},"11":{"start":{"line":17,"column":6},"end":{"line":21,"column":7}},"12":{"start":{"line":18,"column":8},"end":{"line":18,"column":36}},"13":{"start":{"line":20,"column":8},"end":{"line":20,"column":60}},"14":{"start":{"line":24,"column":4},"end":{"line":30,"column":6}},"15":{"start":{"line":25,"column":6},"end":{"line":29,"column":7}},"16":{"start":{"line":26,"column":8},"end":{"line":26,"column":50}},"17":{"start":{"line":28,"column":8},"end":{"line":28,"column":23}},"18":{"start":{"line":32,"column":2},"end":{"line":38,"column":3}},"19":{"start":{"line":33,"column":4},"end":{"line":33,"column":36}},"20":{"start":{"line":35,"column":4},"end":{"line":37,"column":6}},"21":{"start":{"line":36,"column":6},"end":{"line":36,"column":30}},"22":{"start":{"line":39,"column":2},"end":{"line":45,"column":3}},"23":{"start":{"line":40,"column":4},"end":{"line":40,"column":19}},"24":{"start":{"line":41,"column":4},"end":{"line":41,"column":38}},"25":{"start":{"line":42,"column":4},"end":{"line":44,"column":6}},"26":{"start":{"line":43,"column":6},"end":{"line":43,"column":22}},"27":{"start":{"line":46,"column":2},"end":{"line":60,"column":3}},"28":{"start":{"line":47,"column":4},"end":{"line":47,"column":19}},"29":{"start":{"line":48,"column":4},"end":{"line":48,"column":33}},"30":{"start":{"line":49,"column":4},"end":{"line":59,"column":6}},"31":{"start":{"line":56,"column":6},"end":{"line":56,"column":36}},"32":{"start":{"line":58,"column":6},"end":{"line":58,"column":49}},"33":{"start":{"line":61,"column":2},"end":{"line":61,"column":20}},"34":{"start":{"line":64,"column":0},"end":{"line":64,"column":28}}},"branchMap":{"1":{"line":17,"type":"if","locations":[{"start":{"line":17,"column":6},"end":{"line":17,"column":6}},{"start":{"line":17,"column":6},"end":{"line":17,"column":6}}]},"2":{"line":25,"type":"if","locations":[{"start":{"line":25,"column":6},"end":{"line":25,"column":6}},{"start":{"line":25,"column":6},"end":{"line":25,"column":6}}]}}},"F:\\github\\music-test\\config\\config.js":{"path":"F:\\github\\music-test\\config\\config.js","s":{"1":1},"b":{},"f":{},"fnMap":{},"statementMap":{"1":{"start":{"line":6,"column":0},"end":{"line":27,"column":1}}},"branchMap":{}}}