TN:
SF:F:\github\music-test\src\music.js
FN:9,(anonymous_1)
FN:13,(anonymous_2)
FN:15,(anonymous_3)
FN:24,(anonymous_4)
FN:32,(anonymous_5)
FN:35,(anonymous_6)
FN:39,(anonymous_7)
FN:42,(anonymous_8)
FN:46,(anonymous_9)
FN:55,(anonymous_10)
FN:57,(anonymous_11)
FNF:11
FNH:11
FNDA:11,(anonymous_1)
FNDA:3,(anonymous_2)
FNDA:2,(anonymous_3)
FNDA:3,(anonymous_4)
FNDA:3,(anonymous_5)
FNDA:9,(anonymous_6)
FNDA:2,(anonymous_7)
FNDA:6,(anonymous_8)
FNDA:4,(anonymous_9)
FNDA:4,(anonymous_10)
FNDA:4,(anonymous_11)
DA:4,1
DA:5,1
DA:6,1
DA:9,1
DA:10,11
DA:11,11
DA:13,11
DA:14,3
DA:15,3
DA:16,2
DA:17,2
DA:18,1
DA:20,1
DA:24,3
DA:25,3
DA:26,1
DA:28,2
DA:32,11
DA:33,3
DA:35,3
DA:36,9
DA:39,11
DA:40,2
DA:41,2
DA:42,2
DA:43,6
DA:46,11
DA:47,4
DA:48,4
DA:49,4
DA:56,4
DA:58,4
DA:61,11
DA:64,1
LF:34
LH:34
BRDA:17,1,0,1
BRDA:17,1,1,1
BRDA:25,2,0,1
BRDA:25,2,1,2
BRF:4
BRH:4
end_of_record
TN:
SF:F:\github\music-test\config\config.js
FNF:0
FNH:0
DA:6,1
LF:1
LH:1
BRF:0
BRH:0
end_of_record
